<?xml version="1.0" encoding="UTF-8" standalone="no"?>
<testsuite errors="0" failures="3" name="io.cucumber.core.plugin.JUnitFormatter" skipped="0" tests="3" time="6.983">
    <testcase classname="Unknown" name="_2" time="4.757">
        <failure message="The scenario has pending or undefined step(s)" type="java.lang.Exception">
            <![CDATA[Given user go to bbc News home page.........................................passed
When on the news home page check sign in icon...............................passed
And check sub sections of Home "England"....................................passed
And Click on the Sign In icon and assert the following on the page <Webelements> Email or Username Password Sign in Need help signing in?.undefined
]]>
        </failure>
    </testcase>
    <testcase classname="Unknown" name="_3" time="1.396">
        <failure message="The scenario has pending or undefined step(s)" type="java.lang.Exception">
            <![CDATA[Given user go to bbc News home page.........................................passed
When on the news home page check sign in icon...............................passed
And check sub sections of Home "N.Ireland"..................................passed
And Click on the Sign In icon and assert the following on the page <Webelements> Email or Username Password Sign in Need help signing in?.undefined
]]>
        </failure>
    </testcase>
    <testcase classname="Unknown" name="_4" time="0.64">
        <failure message="The scenario has pending or undefined step(s)" type="java.lang.Exception">
            <![CDATA[Given user go to bbc News home page.........................................passed
When on the news home page check sign in icon...............................passed
And check sub sections of Home "Scotland"...................................passed
And Click on the Sign In icon and assert the following on the page <Webelements> Email or Username Password Sign in Need help signing in?.undefined
]]>
        </failure>
    </testcase>
</testsuite>
